# JRE version: Java(TM) SE Runtime Environment (8.0_45-b14) (build 1.8.0_45-b14)
# Java VM: Java HotSpot(TM) 64-Bit Server VM (25.45-b02 mixed mode linux-amd64 compressed oops)
Heap:
 PSYoungGen      total 503296K, used 399891K [0x000000076c700000, 0x000000078dc00000, 0x00000007c0000000)
  eden space 493056K, 81% used [0x000000076c700000,0x0000000784d84f40,0x000000078a880000)
  from space 10240K, 0% used [0x000000078d200000,0x000000078d200000,0x000000078dc00000)
  to   space 18944K, 0% used [0x000000078b700000,0x000000078b700000,0x000000078c980000)
 ParOldGen       total 114176K, used 24688K [0x00000006c5400000, 0x00000006cc380000, 0x000000076c700000)
  object space 114176K, 21% used [0x00000006c5400000,0x00000006c6c1c080,0x00000006cc380000)
 Metaspace       used 47459K, capacity 52510K, committed 52864K, reserved 1095680K
  class space    used 5783K, capacity 7195K, committed 7296K, reserved 1048576K
GC Heap History (10 events):
Event: 5.000 GC heap before
{Heap before GC invocations=4 (full 0):
 PSYoungGen      total 139776K, used 139748K [0x000000076c700000, 0x000000077d800000, 0x00000007c0000000)
  eden space 129024K, 100% used [0x000000076c700000,0x0000000774500000,0x0000000774500000)
  from space 10752K, 99% used [0x0000000774500000,0x0000000774f792c0,0x0000000774f80000)
  to   space 10752K, 0% used [0x000000077cd80000,0x000000077cd80000,0x000000077d800000)
 ParOldGen       total 172032K, used 10395K [0x00000006c5400000, 0x00000006cfc00000, 0x000000076c700000)
  object space 172032K, 6% used [0x00000006c5400000,0x00000006c5e26f90,0x00000006cfc00000)
 Metaspace       used 19941K, capacity 21126K, committed 21296K, reserved 1069056K
  class space    used 2075K, capacity 2338K, committed 2432K, reserved 1048576K
Event: 5.030 GC heap after
Heap after GC invocations=4 (full 0):
 PSYoungGen      total 268800K, used 10746K [0x000000076c700000, 0x000000077d800000, 0x00000007c0000000)
  eden space 258048K, 0% used [0x000000076c700000,0x000000076c700000,0x000000077c300000)
  from space 10752K, 99% used [0x000000077cd80000,0x000000077d7fea48,0x000000077d800000)
  to   space 10752K, 0% used [0x000000077c300000,0x000000077c300000,0x000000077cd80000)
 ParOldGen       total 172032K, used 11864K [0x00000006c5400000, 0x00000006cfc00000, 0x000000076c700000)
  object space 172032K, 6% used [0x00000006c5400000,0x00000006c5f961d8,0x00000006cfc00000)
 Metaspace       used 19941K, capacity 21126K, committed 21296K, reserved 1069056K
  class space    used 2075K, capacity 2338K, committed 2432K, reserved 1048576K
}
Event: 5.035 GC heap before
{Heap before GC invocations=5 (full 0):
 PSYoungGen      total 268800K, used 14668K [0x000000076c700000, 0x000000077d800000, 0x00000007c0000000)
  eden space 258048K, 1% used [0x000000076c700000,0x000000076cad4690,0x000000077c300000)
  from space 10752K, 99% used [0x000000077cd80000,0x000000077d7fea48,0x000000077d800000)
  to   space 10752K, 0% used [0x000000077c300000,0x000000077c300000,0x000000077cd80000)
 ParOldGen       total 172032K, used 11864K [0x00000006c5400000, 0x00000006cfc00000, 0x000000076c700000)
  object space 172032K, 6% used [0x00000006c5400000,0x00000006c5f961d8,0x00000006cfc00000)
 Metaspace       used 19972K, capacity 21166K, committed 21296K, reserved 1069056K
  class space    used 2082K, capacity 2374K, committed 2432K, reserved 1048576K
Event: 5.060 GC heap after
Heap after GC invocations=5 (full 0):
 PSYoungGen      total 268800K, used 10730K [0x000000076c700000, 0x000000078e500000, 0x00000007c0000000)
  eden space 258048K, 0% used [0x000000076c700000,0x000000076c700000,0x000000077c300000)
  from space 10752K, 99% used [0x000000077c300000,0x000000077cd7ab00,0x000000077cd80000)
  to   space 19456K, 0% used [0x000000078d200000,0x000000078d200000,0x000000078e500000)
 ParOldGen       total 172032K, used 11968K [0x00000006c5400000, 0x00000006cfc00000, 0x000000076c700000)
  object space 172032K, 6% used [0x00000006c5400000,0x00000006c5fb01d8,0x00000006cfc00000)
 Metaspace       used 19972K, capacity 21166K, committed 21296K, reserved 1069056K
  class space    used 2082K, capacity 2374K, committed 2432K, reserved 1048576K
}
Event: 5.060 GC heap before
{Heap before GC invocations=6 (full 1):
 PSYoungGen      total 268800K, used 10730K [0x000000076c700000, 0x000000078e500000, 0x00000007c0000000)
  eden space 258048K, 0% used [0x000000076c700000,0x000000076c700000,0x000000077c300000)
  from space 10752K, 99% used [0x000000077c300000,0x000000077cd7ab00,0x000000077cd80000)
  to   space 19456K, 0% used [0x000000078d200000,0x000000078d200000,0x000000078e500000)
 ParOldGen       total 172032K, used 11968K [0x00000006c5400000, 0x00000006cfc00000, 0x000000076c700000)
  object space 172032K, 6% used [0x00000006c5400000,0x00000006c5fb01d8,0x00000006cfc00000)
 Metaspace       used 19972K, capacity 21166K, committed 21296K, reserved 1069056K
  class space    used 2082K, capacity 2374K, committed 2432K, reserved 1048576K
Event: 5.141 GC heap after
Heap after GC invocations=6 (full 1):
 PSYoungGen      total 268800K, used 0K [0x000000076c700000, 0x000000078e500000, 0x00000007c0000000)
  eden space 258048K, 0% used [0x000000076c700000,0x000000076c700000,0x000000077c300000)
  from space 10752K, 0% used [0x000000077c300000,0x000000077c300000,0x000000077cd80000)
  to   space 19456K, 0% used [0x000000078d200000,0x000000078d200000,0x000000078e500000)
 ParOldGen       total 95232K, used 16953K [0x00000006c5400000, 0x00000006cb100000, 0x000000076c700000)
  object space 95232K, 17% used [0x00000006c5400000,0x00000006c648e438,0x00000006cb100000)
 Metaspace       used 19972K, capacity 21166K, committed 21296K, reserved 1069056K
  class space    used 2082K, capacity 2374K, committed 2432K, reserved 1048576K
}
Event: 6.976 GC heap before
{Heap before GC invocations=7 (full 1):
 PSYoungGen      total 268800K, used 180961K [0x000000076c700000, 0x000000078e500000, 0x00000007c0000000)
  eden space 258048K, 70% used [0x000000076c700000,0x00000007777b87c0,0x000000077c300000)
  from space 10752K, 0% used [0x000000077c300000,0x000000077c300000,0x000000077cd80000)
  to   space 19456K, 0% used [0x000000078d200000,0x000000078d200000,0x000000078e500000)
 ParOldGen       total 95232K, used 16953K [0x00000006c5400000, 0x00000006cb100000, 0x000000076c700000)
  object space 95232K, 17% used [0x00000006c5400000,0x00000006c648e438,0x00000006cb100000)
 Metaspace       used 32514K, capacity 35406K, committed 35496K, reserved 1081344K
  class space    used 3784K, capacity 4578K, committed 4608K, reserved 1048576K
Event: 6.992 GC heap after
Heap after GC invocations=7 (full 1):
 PSYoungGen      total 503296K, used 9804K [0x000000076c700000, 0x000000078dc00000, 0x00000007c0000000)
  eden space 493056K, 0% used [0x000000076c700000,0x000000076c700000,0x000000078a880000)
  from space 10240K, 95% used [0x000000078d200000,0x000000078db931b0,0x000000078dc00000)
  to   space 18944K, 0% used [0x000000078b700000,0x000000078b700000,0x000000078c980000)
 ParOldGen       total 95232K, used 16961K [0x00000006c5400000, 0x00000006cb100000, 0x000000076c700000)
  object space 95232K, 17% used [0x00000006c5400000,0x00000006c6490438,0x00000006cb100000)
 Metaspace       used 32514K, capacity 35406K, committed 35496K, reserved 1081344K
  class space    used 3784K, capacity 4578K, committed 4608K, reserved 1048576K
}
Event: 6.992 GC heap before
{Heap before GC invocations=8 (full 2):
 PSYoungGen      total 503296K, used 9804K [0x000000076c700000, 0x000000078dc00000, 0x00000007c0000000)
  eden space 493056K, 0% used [0x000000076c700000,0x000000076c700000,0x000000078a880000)
  from space 10240K, 95% used [0x000000078d200000,0x000000078db931b0,0x000000078dc00000)
  to   space 18944K, 0% used [0x000000078b700000,0x000000078b700000,0x000000078c980000)
 ParOldGen       total 95232K, used 16961K [0x00000006c5400000, 0x00000006cb100000, 0x000000076c700000)
  object space 95232K, 17% used [0x00000006c5400000,0x00000006c6490438,0x00000006cb100000)
 Metaspace       used 32514K, capacity 35406K, committed 35496K, reserved 1081344K
  class space    used 3784K, capacity 4578K, committed 4608K, reserved 1048576K
Event: 7.087 GC heap after
Heap after GC invocations=8 (full 2):
 PSYoungGen      total 503296K, used 0K [0x000000076c700000, 0x000000078dc00000, 0x00000007c0000000)
  eden space 493056K, 0% used [0x000000076c700000,0x000000076c700000,0x000000078a880000)
  from space 10240K, 0% used [0x000000078d200000,0x000000078d200000,0x000000078dc00000)
  to   space 18944K, 0% used [0x000000078b700000,0x000000078b700000,0x000000078c980000)
 ParOldGen       total 114176K, used 24688K [0x00000006c5400000, 0x00000006cc380000, 0x000000076c700000)
  object space 114176K, 21% used [0x00000006c5400000,0x00000006c6c1c080,0x00000006cc380000)
 Metaspace       used 32514K, capacity 35406K, committed 35496K, reserved 1081344K
  class space    used 3784K, capacity 4578K, committed 4608K, reserved 1048576K
}

