# JRE version: Java(TM) SE Runtime Environment (8.0_45-b14) (build 1.8.0_45-b14)
# Java VM: Java HotSpot(TM) 64-Bit Server VM (25.45-b02 mixed mode linux-amd64 compressed oops)
Heap:
 PSYoungGen      total 396800K, used 271061K [0x000000076c700000, 0x0000000789a80000, 0x00000007c0000000)
  eden space 369152K, 73% used [0x000000076c700000,0x000000077cfb5418,0x0000000782f80000)
  from space 27648K, 0% used [0x0000000784c80000,0x0000000784c80000,0x0000000786780000)
  to   space 29696K, 0% used [0x0000000782f80000,0x0000000782f80000,0x0000000784c80000)
 ParOldGen       total 216064K, used 42408K [0x00000006c5400000, 0x00000006d2700000, 0x000000076c700000)
  object space 216064K, 19% used [0x00000006c5400000,0x00000006c7d6a200,0x00000006d2700000)
 Metaspace       used 62773K, capacity 69222K, committed 69416K, reserved 1110016K
  class space    used 7693K, capacity 9470K, committed 9512K, reserved 1048576K
GC Heap History (10 events):
Event: 4.751 GC heap before
{Heap before GC invocations=9 (full 2):
 PSYoungGen      total 215040K, used 11709K [0x000000076c700000, 0x0000000782d00000, 0x00000007c0000000)
  eden space 195584K, 0% used [0x000000076c700000,0x000000076c700000,0x0000000778600000)
  from space 19456K, 60% used [0x0000000778600000,0x000000077916f498,0x0000000779900000)
  to   space 18944K, 0% used [0x0000000781a80000,0x0000000781a80000,0x0000000782d00000)
 ParOldGen       total 118272K, used 18652K [0x00000006c5400000, 0x00000006cc780000, 0x000000076c700000)
  object space 118272K, 15% used [0x00000006c5400000,0x00000006c6637090,0x00000006cc780000)
 Metaspace       used 32739K, capacity 35404K, committed 35496K, reserved 1081344K
  class space    used 3788K, capacity 4490K, committed 4520K, reserved 1048576K
Event: 4.867 GC heap after
Heap after GC invocations=9 (full 2):
 PSYoungGen      total 215040K, used 0K [0x000000076c700000, 0x0000000782d00000, 0x00000007c0000000)
  eden space 195584K, 0% used [0x000000076c700000,0x000000076c700000,0x0000000778600000)
  from space 19456K, 0% used [0x0000000778600000,0x0000000778600000,0x0000000779900000)
  to   space 18944K, 0% used [0x0000000781a80000,0x0000000781a80000,0x0000000782d00000)
 ParOldGen       total 162304K, used 22204K [0x00000006c5400000, 0x00000006cf280000, 0x000000076c700000)
  object space 162304K, 13% used [0x00000006c5400000,0x00000006c69af130,0x00000006cf280000)
 Metaspace       used 32739K, capacity 35404K, committed 35496K, reserved 1081344K
  class space    used 3788K, capacity 4490K, committed 4520K, reserved 1048576K
}
Event: 7.797 GC heap before
{Heap before GC invocations=10 (full 2):
 PSYoungGen      total 215040K, used 195584K [0x000000076c700000, 0x0000000782d00000, 0x00000007c0000000)
  eden space 195584K, 100% used [0x000000076c700000,0x0000000778600000,0x0000000778600000)
  from space 19456K, 0% used [0x0000000778600000,0x0000000778600000,0x0000000779900000)
  to   space 18944K, 0% used [0x0000000781a80000,0x0000000781a80000,0x0000000782d00000)
 ParOldGen       total 162304K, used 22204K [0x00000006c5400000, 0x00000006cf280000, 0x000000076c700000)
  object space 162304K, 13% used [0x00000006c5400000,0x00000006c69af130,0x00000006cf280000)
 Metaspace       used 38609K, capacity 42158K, committed 42408K, reserved 1085440K
  class space    used 4714K, capacity 5761K, committed 5800K, reserved 1048576K
Event: 7.833 GC heap after
Heap after GC invocations=10 (full 2):
 PSYoungGen      total 312832K, used 18937K [0x000000076c700000, 0x0000000782d00000, 0x00000007c0000000)
  eden space 293888K, 0% used [0x000000076c700000,0x000000076c700000,0x000000077e600000)
  from space 18944K, 99% used [0x0000000781a80000,0x0000000782cfe4f8,0x0000000782d00000)
  to   space 25600K, 0% used [0x000000077fb00000,0x000000077fb00000,0x0000000781400000)
 ParOldGen       total 162304K, used 31171K [0x00000006c5400000, 0x00000006cf280000, 0x000000076c700000)
  object space 162304K, 19% used [0x00000006c5400000,0x00000006c7270fe0,0x00000006cf280000)
 Metaspace       used 38609K, capacity 42158K, committed 42408K, reserved 1085440K
  class space    used 4714K, capacity 5761K, committed 5800K, reserved 1048576K
}
Event: 19.925 GC heap before
{Heap before GC invocations=11 (full 2):
 PSYoungGen      total 312832K, used 312825K [0x000000076c700000, 0x0000000782d00000, 0x00000007c0000000)
  eden space 293888K, 100% used [0x000000076c700000,0x000000077e600000,0x000000077e600000)
  from space 18944K, 99% used [0x0000000781a80000,0x0000000782cfe4f8,0x0000000782d00000)
  to   space 25600K, 0% used [0x000000077fb00000,0x000000077fb00000,0x0000000781400000)
 ParOldGen       total 162304K, used 31171K [0x00000006c5400000, 0x00000006cf280000, 0x000000076c700000)
  object space 162304K, 19% used [0x00000006c5400000,0x00000006c7270fe0,0x00000006cf280000)
 Metaspace       used 51750K, capacity 56508K, committed 56744K, reserved 1097728K
  class space    used 6389K, capacity 7722K, committed 7848K, reserved 1048576K
Event: 19.953 GC heap after
Heap after GC invocations=11 (full 2):
 PSYoungGen      total 340992K, used 21612K [0x000000076c700000, 0x0000000786780000, 0x00000007c0000000)
  eden space 315392K, 0% used [0x000000076c700000,0x000000076c700000,0x000000077fb00000)
  from space 25600K, 84% used [0x000000077fb00000,0x000000078101b1b0,0x0000000781400000)
  to   space 27648K, 0% used [0x0000000784c80000,0x0000000784c80000,0x0000000786780000)
 ParOldGen       total 162304K, used 31179K [0x00000006c5400000, 0x00000006cf280000, 0x000000076c700000)
  object space 162304K, 19% used [0x00000006c5400000,0x00000006c7272fe0,0x00000006cf280000)
 Metaspace       used 51750K, capacity 56508K, committed 56744K, reserved 1097728K
  class space    used 6389K, capacity 7722K, committed 7848K, reserved 1048576K
}
Event: 20.136 GC heap before
{Heap before GC invocations=12 (full 2):
 PSYoungGen      total 340992K, used 55870K [0x000000076c700000, 0x0000000786780000, 0x00000007c0000000)
  eden space 315392K, 10% used [0x000000076c700000,0x000000076e8749e0,0x000000077fb00000)
  from space 25600K, 84% used [0x000000077fb00000,0x000000078101b1b0,0x0000000781400000)
  to   space 27648K, 0% used [0x0000000784c80000,0x0000000784c80000,0x0000000786780000)
 ParOldGen       total 162304K, used 31179K [0x00000006c5400000, 0x00000006cf280000, 0x000000076c700000)
  object space 162304K, 19% used [0x00000006c5400000,0x00000006c7272fe0,0x00000006cf280000)
 Metaspace       used 53892K, capacity 59110K, committed 59160K, reserved 1099776K
  class space    used 6664K, capacity 8083K, committed 8104K, reserved 1048576K
Event: 20.157 GC heap after
Heap after GC invocations=12 (full 2):
 PSYoungGen      total 396800K, used 22439K [0x000000076c700000, 0x0000000789a80000, 0x00000007c0000000)
  eden space 369152K, 0% used [0x000000076c700000,0x000000076c700000,0x0000000782f80000)
  from space 27648K, 81% used [0x0000000784c80000,0x0000000786269f00,0x0000000786780000)
  to   space 29696K, 0% used [0x0000000782f80000,0x0000000782f80000,0x0000000784c80000)
 ParOldGen       total 162304K, used 31187K [0x00000006c5400000, 0x00000006cf280000, 0x000000076c700000)
  object space 162304K, 19% used [0x00000006c5400000,0x00000006c7274fe0,0x00000006cf280000)
 Metaspace       used 53892K, capacity 59110K, committed 59160K, reserved 1099776K
  class space    used 6664K, capacity 8083K, committed 8104K, reserved 1048576K
}
Event: 20.157 GC heap before
{Heap before GC invocations=13 (full 3):
 PSYoungGen      total 396800K, used 22439K [0x000000076c700000, 0x0000000789a80000, 0x00000007c0000000)
  eden space 369152K, 0% used [0x000000076c700000,0x000000076c700000,0x0000000782f80000)
  from space 27648K, 81% used [0x0000000784c80000,0x0000000786269f00,0x0000000786780000)
  to   space 29696K, 0% used [0x0000000782f80000,0x0000000782f80000,0x0000000784c80000)
 ParOldGen       total 162304K, used 31187K [0x00000006c5400000, 0x00000006cf280000, 0x000000076c700000)
  object space 162304K, 19% used [0x00000006c5400000,0x00000006c7274fe0,0x00000006cf280000)
 Metaspace       used 53892K, capacity 59110K, committed 59160K, reserved 1099776K
  class space    used 6664K, capacity 8083K, committed 8104K, reserved 1048576K
Event: 20.315 GC heap after
Heap after GC invocations=13 (full 3):
 PSYoungGen      total 396800K, used 0K [0x000000076c700000, 0x0000000789a80000, 0x00000007c0000000)
  eden space 369152K, 0% used [0x000000076c700000,0x000000076c700000,0x0000000782f80000)
  from space 27648K, 0% used [0x0000000784c80000,0x0000000784c80000,0x0000000786780000)
  to   space 29696K, 0% used [0x0000000782f80000,0x0000000782f80000,0x0000000784c80000)
 ParOldGen       total 216064K, used 42408K [0x00000006c5400000, 0x00000006d2700000, 0x000000076c700000)
  object space 216064K, 19% used [0x00000006c5400000,0x00000006c7d6a200,0x00000006d2700000)
 Metaspace       used 53878K, capacity 59090K, committed 59160K, reserved 1099776K
  class space    used 6663K, capacity 8079K, committed 8104K, reserved 1048576K
}

